<?xml version="1.0" encoding="UTF-8"?>
<!-- Generated by org.testng.reporters.JUnitReportReporter -->
<testsuite hostname="DESKTOP-OFPI017" failures="0" tests="2" name="ShoppingApplication.Tests.SubmitOrderTest" time="65.228" errors="0" timestamp="2023-08-27T12:24:48 IST" skipped="0">
  <testcase classname="ShoppingApplication.Tests.SubmitOrderTest" name="orderHistory" time="54.706"/>
  <system-out/>
  <testcase classname="ShoppingApplication.Tests.SubmitOrderTest" name="submitOrder" time="10.522"/>
  <system-out/>
</testsuite> <!-- ShoppingApplication.Tests.SubmitOrderTest -->
