<?xml version="1.0" encoding="UTF-8"?>
<!-- Generated by org.testng.reporters.JUnitReportReporter -->
<testsuite hostname="DESKTOP-OFPI017" failures="0" tests="1" name="ShoppingApplication.Tests.ErrorValidation" time="9.838" errors="0" timestamp="2023-08-04T14:00:40 IST" skipped="0">
  <testcase classname="ShoppingApplication.Tests.ErrorValidation" name="submitOrder" time="9.838"/>
  <system-out/>
</testsuite> <!-- ShoppingApplication.Tests.ErrorValidation -->
