<?xml version="1.0" encoding="UTF-8"?>
<!-- Generated by org.testng.reporters.JUnitReportReporter -->
<testsuite hostname="DESKTOP-OFPI017" failures="0" tests="2" name="ShoppingApplication.Tests.SubmitOrderTest" time="69.214" errors="0" timestamp="2023-08-27T14:08:46 IST" skipped="0">
  <testcase classname="ShoppingApplication.Tests.SubmitOrderTest" name="orderHistory" time="57.393"/>
  <system-out/>
  <testcase classname="ShoppingApplication.Tests.SubmitOrderTest" name="submitOrder" time="11.821"/>
  <system-out/>
</testsuite> <!-- ShoppingApplication.Tests.SubmitOrderTest -->
